<?xml version="1.0" encoding="UTF-8"?>
<!-- Generated by org.testng.reporters.JUnitXMLReporter -->
<testsuite hostname="AluMalu" ignored="0" name="Default test" tests="4" failures="0" timestamp="2020-09-05T09:40:52 EDT" time="52.131" errors="0">
  <testcase name="multipleLogin" time="7.123" classname="com.syntax.class3.HW"/>
  <testcase name="multipleLogin" time="7.44" classname="com.syntax.class3.HW"/>
  <testcase name="multipleLogin" time="6.922" classname="com.syntax.class3.HW"/>
  <testcase name="multipleLogin" time="6.976" classname="com.syntax.class3.HW"/>
</testsuite> <!-- Default test -->
