<?xml version="1.0" encoding="UTF-8"?>
<!-- Generated by org.testng.reporters.JUnitXMLReporter -->
<testsuite hostname="AluMalu" ignored="3" name="Smoke Test" tests="1" failures="0" timestamp="2020-09-05T12:07:47 EDT" time="8.899" errors="0">
  <testcase name="validLogin" time="2.073" classname="com.syntax.class3.GroupExample"/>
  <testcase name="multipleLogin" time="0.0" classname="com.syntax.class3.HW">
    <ignored/>
  </testcase> <!-- multipleLogin -->
  <testcase name="multipleLogin" time="0.0" classname="com.syntax.class3.LoginPageTest">
    <ignored/>
  </testcase> <!-- multipleLogin -->
  <testcase name="invalidLogin" time="0.0" classname="com.syntax.class3.GroupExample">
    <ignored/>
  </testcase> <!-- invalidLogin -->
</testsuite> <!-- Smoke Test -->
