<?xml version="1.0" encoding="UTF-8"?>
<!-- Generated by org.testng.reporters.JUnitXMLReporter -->
<testsuite hostname="AluMalu" ignored="3" name="Regression Test" tests="1" failures="0" timestamp="2020-09-05T12:13:44 EDT" time="5.73" errors="0">
  <testcase name="invalidLogin" time="0.135" classname="com.syntax.class3.GroupExample"/>
  <testcase name="validLogin" time="0.0" classname="com.syntax.class3.GroupExample">
    <ignored/>
  </testcase> <!-- validLogin -->
  <testcase name="multipleLogin" time="0.0" classname="com.syntax.class3.HW">
    <ignored/>
  </testcase> <!-- multipleLogin -->
  <testcase name="multipleLogin" time="0.0" classname="com.syntax.class3.LoginPageTest">
    <ignored/>
  </testcase> <!-- multipleLogin -->
</testsuite> <!-- Regression Test -->
