<?xml version="1.0" encoding="UTF-8"?>
<testng-results skipped="0" failed="0" ignored="3" total="4" passed="1">
  <reporter-output>
  </reporter-output>
  <suite name="Regression Suite" duration-ms="5730" started-at="2020-09-05T12:13:38 EDT" finished-at="2020-09-05T12:13:44 EDT">
    <groups>
      <group name="regression">
        <method signature="GroupExample.invalidLogin()[pri:0, instance:com.syntax.class3.GroupExample@30b8a058]" name="invalidLogin" class="com.syntax.class3.GroupExample"/>
      </group> <!-- regression -->
    </groups>
    <test name="Regression Test" duration-ms="5730" started-at="2020-09-05T12:13:38 EDT" finished-at="2020-09-05T12:13:44 EDT">
      <class name="com.syntax.class3.GroupExample">
        <test-method status="PASS" signature="openBrowser()[pri:0, instance:com.syntax.class3.GroupExample@30b8a058]" name="openBrowser" is-config="true" duration-ms="4930" started-at="2020-09-05T12:13:38 EDT" finished-at="2020-09-05T12:13:43 EDT">
          <reporter-output>
          </reporter-output>
        </test-method> <!-- openBrowser -->
        <test-method status="PASS" signature="invalidLogin()[pri:0, instance:com.syntax.class3.GroupExample@30b8a058]" name="invalidLogin" duration-ms="135" started-at="2020-09-05T12:13:43 EDT" finished-at="2020-09-05T12:13:43 EDT">
          <reporter-output>
          </reporter-output>
        </test-method> <!-- invalidLogin -->
        <test-method status="PASS" signature="closeBrowser()[pri:0, instance:com.syntax.class3.GroupExample@30b8a058]" name="closeBrowser" is-config="true" duration-ms="632" started-at="2020-09-05T12:13:43 EDT" finished-at="2020-09-05T12:13:44 EDT">
          <reporter-output>
          </reporter-output>
        </test-method> <!-- closeBrowser -->
      </class> <!-- com.syntax.class3.GroupExample -->
    </test> <!-- Regression Test -->
  </suite> <!-- Regression Suite -->
</testng-results>
